<?xml version="1.0" encoding="UTF-8"?>
<!-- Generated by org.testng.reporters.JUnitXMLReporter -->
<testsuite hostname="JLY710" ignored="1" name="Test" tests="7" failures="2" timestamp="2020-01-14T18:23:46 EST" time="49.509" errors="0">
  <testcase name="validationOfMessage" time="0.355" classname="com.class02.HW"/>
  <testcase name="logoAndLogin" time="2.806" classname="com.class02.SoftAssertionDemo">
    <failure type="java.lang.AssertionError" message="The following asserts failed:
	Logo is NOT displayed did not expect to find [true] but found [false]">
      <![CDATA[java.lang.AssertionError: The following asserts failed:
Logo is NOT displayed did not expect to find [true] but found [false]
at com.class02.SoftAssertionDemo.logoAndLogin(SoftAssertionDemo.java:43)
at java.util.ArrayList.forEach(Unknown Source)
... Removed 29 stack frames]]>
    </failure>
  </testcase> <!-- logoAndLogin -->
  <testcase name="logoValidation" time="0.076" classname="com.class02.AssertionsDemo"/>
  <testcase name="titleValidation" time="0.017" classname="com.class02.AssertionsDemo">
    <failure type="java.lang.AssertionError" message="Titles are NOT matched expected [Human Management Systems] but found [Human Management System]">
      <![CDATA[java.lang.AssertionError: Titles are NOT matched expected [Human Management Systems] but found [Human Management System]
at com.class02.AssertionsDemo.titleValidation(AssertionsDemo.java:26)
at java.util.ArrayList.forEach(Unknown Source)
... Removed 31 stack frames]]>
    </failure>
  </testcase> <!-- titleValidation -->
  <testcase name="A" time="0.002" classname="com.class01.Task1"/>
  <testcase name="B" time="0.004" classname="com.class01.Task1"/>
  <testcase name="C" time="0.003" classname="com.class01.Task1"/>
  <testcase name="validationOfLogo" time="0.0" classname="com.class02.HW">
    <ignored/>
  </testcase> <!-- validationOfLogo -->
</testsuite> <!-- Test -->
